app/build/outputs/mapping/release/seeds.txt
com.example.storage.BacklogService
com.example.storage.SensorService
com.example.storage.MainActivity
com.example.storage.SensorService: SensorService()
com.example.storage.MainActivity: MainActivity()
com.example.storage.BacklogService: BacklogService()
...
com.google.android.material.chip.Chip: void setChipCornerRadiusResource(int)
com.google.android.material.chip.Chip: android.content.res.ColorStateList getChipBackgroundColor()
androidx.coordinatorlayout.widget.CoordinatorLayout$Behavior: CoordinatorLayout$Behavior()
androidx.appcompat.widget.SwitchCompat: void setChecked(boolean)
androidx.coordinatorlayout.widget.CoordinatorLayout: java.util.List getDependencySortedChildren()
androidx.core.view.ViewCompat$Api16Impl: void removeOnGlobalLayoutListener(android.view.ViewTreeObserver,android.view.ViewTreeObserver$OnGlobalLayoutListener)
com.google.android.material.textfield.TextInputLayout: void setPasswordVisibilityToggleTintMode(android.graphics.PorterDuff$Mode)
androidx.core.view.ViewCompat$Api16Impl: int getImportantForAccessibility(android.view.View)
androidx.appcompat.widget.AppCompatSpinner: void setSupportBackgroundTintMode(android.graphics.PorterDuff$Mode)
androidx.vectordrawable.graphics.drawable.VectorDrawableCompat$VGroup: float getScaleX()
com.google.android.material.chip.ChipGroup: void setOnHierarchyChangeListener(android.view.ViewGroup$OnHierarchyChangeListener)
com.fasterxml.jackson.annotation.JsonInclude$Include: com.fasterxml.jackson.annotation.JsonInclude$Include[] values()
com.google.android.material.internal.VisibilityAwareImageButton: int getUserSetVisibility()
androidx.constraintlayout.motion.widget.MotionHelper: float getProgress()
androidx.appcompat.widget.LinearLayoutCompat: void setGravity(int)
com.google.android.material.chip.Chip: android.text.TextUtils$TruncateAt getEllipsize()
com.google.android.material.appbar.AppBarLayout: int getDownNestedScrollRange()
com.google.android.material.textfield.TextInputLayout: com.google.android.material.shape.MaterialShapeDrawable getBoxBackground()
androidx.core.view.ViewCompat$Api17Impl: void setLayerPaint(android.view.View,android.graphics.Paint)
androidx.core.view.ViewCompat$Api21Impl: void setTranslationZ(android.view.View,float)
androidx.appcompat.widget.SearchView: int getPreferredWidth()
androidx.appcompat.widget.LinearLayoutCompat: float getWeightSum()
androidx.appcompat.widget.AppCompatRadioButton: void setEmojiCompatEnabled(boolean)
androidx.appcompat.widget.Toolbar: android.graphics.drawable.Drawable getNavigationIcon()
com.google.android.material.card.MaterialCardView: void setCheckedIconGravity(int)
androidx.appcompat.widget.AppCompatMultiAutoCompleteTextView: void setSupportBackgroundTintList(android.content.res.ColorStateList)
androidx.appcompat.widget.AppCompatEditText: void setSupportBackgroundTintMode(android.graphics.PorterDuff$Mode)
androidx.core.view.ViewCompat$Api16Impl: void setHasTransientState(android.view.View,boolean)
com.google.android.material.checkbox.MaterialCheckBox: void setUseMaterialThemeColors(boolean)
androidx.appcompat.widget.ScrollingTabContainerView: void setTabSelected(int)
androidx.core.view.ViewCompat$Api17Impl: int getLabelFor(android.view.View)
com.google.android.material.internal.NavigationMenuView: int getWindowAnimations()
com.google.android.material.floatingactionbutton.FloatingActionButton: android.content.res.ColorStateList getSupportImageTintList()
com.google.android.material.textfield.TextInputLayout: void setSuffixTextAppearance(int)
com.google.android.material.card.MaterialCardView: android.content.res.ColorStateList getCheckedIconTint()
com.google.android.material.chip.ChipGroup: int getCheckedChipId()
com.google.android.material.textfield.TextInputLayout: void setTextInputAccessibilityDelegate(com.google.android.material.textfield.TextInputLayout$AccessibilityDelegate)
androidx.appcompat.widget.LinearLayoutCompat: LinearLayoutCompat(android.content.Context)
androidx.core.view.ViewCompat$Api17Impl: boolean isPaddingRelative(android.view.View)
androidx.constraintlayout.motion.widget.MotionLayout: void setProgress(float)
androidx.constraintlayout.motion.widget.MotionLayout: long getTransitionTimeMs()