app/build/outputs/mapping/release/usage.txt
com.example.storage.BuildConfig
com.example.storage.R$anim
com.example.storage.R$animator
com.example.storage.R$attr
com.example.storage.R$bool
com.example.storage.R$color
com.example.storage.R$dimen
com.example.storage.R$drawable
com.example.storage.R$id
com.example.storage.R$integer
com.example.storage.R$interpolator
com.example.storage.R$layout
com.example.storage.R$menu
com.example.storage.R$mipmap
com.example.storage.R$plurals
com.example.storage.R$string
com.example.storage.R$style
com.example.storage.R$styleable
com.example.storage.R$xml
com.example.storage.R
com.example.storage.data.Dataframe:
    public java.lang.String getBrand()
    public java.lang.String getId()
    public java.lang.String getManufacturer()
    public java.lang.String getModel()
    public java.lang.String getSession()
    public java.lang.String getStart()
    public java.lang.String getVersion()
com.example.storage.data.Measurement:
    public void <init>(java.lang.Float,java.lang.Double,java.lang.String,java.lang.Double,java.lang.Double,java.lang.Double,java.lang.Float,java.lang.Float,java.lang.Float,java.lang.Double,java.lang.Double)
    public float getMs0()
com.example.storage.data.Measurements:
    public static final int MEASUREMENT_COUNT
    public void <init>()
com.example.storage.data.SlidingCalculator:
    private static double findMean(java.util.ArrayList)
    private static double findStd(java.util.ArrayList)
    public double getMean()
    public static void main(java.lang.String[])
com.example.storage.databinding.ActivityMainBinding:
    public synthetic bridge android.view.View getRoot()
com.example.storage.network.MessageThread:
    public void handleMessage(com.example.storage.data.Dataframe,info.mqtt.android.service.MqttAndroidClient,android.content.Context)
    private synthetic void lambda$handleMessage$1(com.example.storage.data.Dataframe,info.mqtt.android.service.MqttAndroidClient,android.content.Context)
    private void writeMsg(java.lang.String,byte[],android.content.Context)
com.example.storage.network.Mqtt:
    public static final int TIMEOUT
    public void <init>()
    public static void disconnect(info.mqtt.android.service.MqttAndroidClient)
com.example.storage.utils.FileUtils:
    public static final java.lang.String ISO_DATE
    public void <init>()
com.example.storage.utils.JsonConverter:
    public void <init>()
com.example.storage.utils.NetworkUtils:
    public void <init>()
com.example.storage.utils.ZipUtils:
    public void <init>()
com.example.storage.BacklogService$1$$InternalSyntheticLambda$0$8e8242b88bc886e081781082af209a496011144190d333df83de82e9ddc10073$0
com.example.storage.BacklogService:
    public static synthetic android.os.Handler access$000(com.example.storage.BacklogService)
    public static synthetic info.mqtt.android.service.MqttAndroidClient access$100(com.example.storage.BacklogService)
    public static synthetic com.example.storage.network.MessageThread access$200(com.example.storage.BacklogService)
    public final void scheduleBacklogs()
com.example.storage.MainActivity:
    public final int PERMISSION_FINE_LOCATION
    public static synthetic com.example.storage.databinding.ActivityMainBinding access$000(com.example.storage.MainActivity)
    public final void enableEditText(android.widget.EditText)
    public final void scheduleUITimer()
    public final void updateUI(com.example.storage.data.Measurement)
com.example.storage.SensorService$$InternalSyntheticLambda$0$9367f0a509b1819f7dc7abb47495bc917c6b8f56054d8944e531f6ae50d34b3f$0
com.example.storage.SensorService$$InternalSyntheticLambda$2$ede94cecfaefac533c3a3c4549031c7781385e80d3f239327c6c17231ec15fed$0
com.example.storage.SensorService$1:
    public final synthetic com.example.storage.SensorService this$0
com.example.storage.SensorService$MathThread:
    public final void handleMeasurement(float,java.lang.String)
...
androidx.core.view.WindowInsetsAnimationCompat$Impl30
androidx.core.view.WindowInsetsAnimationCompat$Impl
androidx.core.view.WindowInsetsAnimationCompat
androidx.core.view.WindowInsetsAnimationControlListenerCompat
androidx.core.view.WindowInsetsAnimationControllerCompat$Impl30
androidx.core.view.WindowInsetsAnimationControllerCompat$Impl
androidx.core.view.WindowInsetsAnimationControllerCompat
androidx.core.view.WindowInsetsCompat$Api21ReflectionHolder:
    private void <init>()
androidx.core.view.WindowInsetsCompat$Builder:
    public androidx.core.view.WindowInsetsCompat$Builder setDisplayCutout(androidx.core.view.DisplayCutoutCompat)
    public androidx.core.view.WindowInsetsCompat$Builder setInsets(int,androidx.core.graphics.Insets)
    public androidx.core.view.WindowInsetsCompat$Builder setInsetsIgnoringVisibility(int,androidx.core.graphics.Insets)
    public androidx.core.view.WindowInsetsCompat$Builder setMandatorySystemGestureInsets(androidx.core.graphics.Insets)
    public androidx.core.view.WindowInsetsCompat$Builder setSystemGestureInsets(androidx.core.graphics.Insets)
    public androidx.core.view.WindowInsetsCompat$Builder setTappableElementInsets(androidx.core.graphics.Insets)
    public androidx.core.view.WindowInsetsCompat$Builder setVisible(int,boolean)
androidx.core.view.WindowInsetsCompat$BuilderImpl29:
    void setDisplayCutout(androidx.core.view.DisplayCutoutCompat)
androidx.core.view.WindowInsetsCompat$BuilderImpl30:
    void setInsets(int,androidx.core.graphics.Insets)
    void setInsetsIgnoringVisibility(int,androidx.core.graphics.Insets)
    void setVisible(int,boolean)
androidx.core.view.WindowInsetsCompat$BuilderImpl:
    void setDisplayCutout(androidx.core.view.DisplayCutoutCompat)
    void setInsets(int,androidx.core.graphics.Insets)
    void setInsetsIgnoringVisibility(int,androidx.core.graphics.Insets)
    void setVisible(int,boolean)
androidx.core.view.WindowInsetsCompat$Impl20:
    public androidx.core.graphics.Insets getInsetsIgnoringVisibility(int)
    protected boolean isTypeVisible(int)
    boolean isVisible(int)
androidx.core.view.WindowInsetsCompat$Impl30:
    public androidx.core.graphics.Insets getInsetsIgnoringVisibility(int)
    public boolean isVisible(int)
androidx.core.view.WindowInsetsCompat$Impl:
    androidx.core.graphics.Insets getInsetsIgnoringVisibility(int)
    boolean isVisible(int)
androidx.core.view.WindowInsetsCompat$Type$InsetsType
androidx.core.view.WindowInsetsCompat$Type:
    static final int CAPTION_BAR
    static final int DISPLAY_CUTOUT
    static final int FIRST
    static final int IME
    static final int LAST
    static final int MANDATORY_SYSTEM_GESTURES
    static final int NAVIGATION_BARS
    static final int SIZE
    static final int STATUS_BARS
    static final int SYSTEM_GESTURES
    static final int TAPPABLE_ELEMENT
    static final int WINDOW_DECOR
    private void <init>()
    static int all()
    public static int captionBar()
    public static int displayCutout()
    public static int ime()
    public static int navigationBars()
    public static int statusBars()
    public static int systemGestures()
    public static int tappableElement()
androidx.core.view.WindowInsetsCompat$TypeImpl30:
    private void <init>()